[2026-07-15 10:08:52] [Information] Acquiring an exclusive lock for migration application. See https://aka.ms/efcore-docs-migrations-lock for more information if this takes too long.
[2026-07-15 10:08:52] [Information] Executed DbCommand (5ms) [Parameters=[], CommandType='Text', CommandTimeout='30']
SELECT GET_LOCK('__QLDA_EFMigrationsLock', 259200)
[2026-07-15 10:08:52] [Information] Executed DbCommand (4ms) [Parameters=[], CommandType='Text', CommandTimeout='30']
CREATE TABLE IF NOT EXISTS `__EFMigrationsHistory` (
    `MigrationId` varchar(150) CHARACTER SET utf8mb4 NOT NULL,
    `ProductVersion` varchar(32) CHARACTER SET utf8mb4 NOT NULL,
    CONSTRAINT `PK___EFMigrationsHistory` PRIMARY KEY (`MigrationId`)
) CHARACTER SET=utf8mb4;
[2026-07-15 10:08:52] [Information] Executed DbCommand (4ms) [Parameters=[], CommandType='Text', CommandTimeout='30']
SELECT 1 FROM INFORMATION_SCHEMA.TABLES WHERE TABLE_SCHEMA='QLDA' AND TABLE_NAME='__EFMigrationsHistory';
[2026-07-15 10:08:52] [Information] Executed DbCommand (2ms) [Parameters=[], CommandType='Text', CommandTimeout='30']
SELECT `MigrationId`, `ProductVersion`
FROM `__EFMigrationsHistory`
ORDER BY `MigrationId`;
[2026-07-15 10:08:52] [Information] No migrations were applied. The database is already up to date.
[2026-07-15 10:08:52] [Information] Executed DbCommand (1ms) [Parameters=[], CommandType='Text', CommandTimeout='30']
SELECT RELEASE_LOCK('__QLDA_EFMigrationsLock')
[2026-07-15 10:14:02] [Information] Acquiring an exclusive lock for migration application. See https://aka.ms/efcore-docs-migrations-lock for more information if this takes too long.
[2026-07-15 10:14:02] [Information] Executed DbCommand (4ms) [Parameters=[], CommandType='Text', CommandTimeout='30']
SELECT GET_LOCK('__QLDA_EFMigrationsLock', 259200)
[2026-07-15 10:14:02] [Information] Executed DbCommand (18ms) [Parameters=[], CommandType='Text', CommandTimeout='30']
CREATE TABLE IF NOT EXISTS `__EFMigrationsHistory` (
    `MigrationId` varchar(150) CHARACTER SET utf8mb4 NOT NULL,
    `ProductVersion` varchar(32) CHARACTER SET utf8mb4 NOT NULL,
    CONSTRAINT `PK___EFMigrationsHistory` PRIMARY KEY (`MigrationId`)
) CHARACTER SET=utf8mb4;
[2026-07-15 10:14:02] [Information] Executed DbCommand (5ms) [Parameters=[], CommandType='Text', CommandTimeout='30']
SELECT 1 FROM INFORMATION_SCHEMA.TABLES WHERE TABLE_SCHEMA='QLDA' AND TABLE_NAME='__EFMigrationsHistory';
[2026-07-15 10:14:02] [Information] Executed DbCommand (3ms) [Parameters=[], CommandType='Text', CommandTimeout='30']
SELECT `MigrationId`, `ProductVersion`
FROM `__EFMigrationsHistory`
ORDER BY `MigrationId`;
[2026-07-15 10:14:02] [Information] Applying migration '20260715031347_AddNgayAndDieuKienToDotThanhToan'.
[2026-07-15 10:14:03] [Information] Executed DbCommand (69ms) [Parameters=[], CommandType='Text', CommandTimeout='30']
ALTER TABLE `DotThanhToans` ADD `DieuKienThanhToan` longtext CHARACTER SET utf8mb4 NULL;
[2026-07-15 10:14:03] [Information] Executed DbCommand (14ms) [Parameters=[], CommandType='Text', CommandTimeout='30']
ALTER TABLE `DotThanhToans` ADD `NgayThanhToan` datetime(6) NULL;
[2026-07-15 10:14:03] [Information] Executed DbCommand (4ms) [Parameters=[], CommandType='Text', CommandTimeout='30']
INSERT INTO `__EFMigrationsHistory` (`MigrationId`, `ProductVersion`)
VALUES ('20260715031347_AddNgayAndDieuKienToDotThanhToan', '9.0.0');
[2026-07-15 10:14:03] [Information] Executed DbCommand (1ms) [Parameters=[], CommandType='Text', CommandTimeout='30']
SELECT RELEASE_LOCK('__QLDA_EFMigrationsLock')
